<?xml version="1.0" encoding="UTF-8"?>
<!-- Generated by org.testng.reporters.JUnitReportReporter -->
<testsuite hostname="sajjad-PC" name="alert.Action.frame.Wait.Dropdown.RadioBtn.Checkbox.JavaScriptRandomDemo" tests="1" failures="0" timestamp="24 Mar 2019 00:51:17 GMT" time="21.914" errors="0">
  <testcase name="javaScriptRandomDemo" time="21.914" classname="alert.Action.frame.Wait.Dropdown.RadioBtn.Checkbox.JavaScriptRandomDemo"/>
</testsuite> <!-- alert.Action.frame.Wait.Dropdown.RadioBtn.Checkbox.JavaScriptRandomDemo -->
