<?xml version="1.0" encoding="UTF-8"?>
<!-- Generated by org.testng.reporters.JUnitReportReporter -->
<testsuite hostname="sajjad-PC" name="a.string.SwapTwoStringsWithout3rdVar" tests="1" failures="0" timestamp="8 Jan 2019 17:23:28 GMT" time="0.014" errors="0">
  <testcase name="Testcase1" time="0.014" classname="a.string.SwapTwoStringsWithout3rdVar"/>
</testsuite> <!-- a.string.SwapTwoStringsWithout3rdVar -->
