<?xml version="1.0" encoding="UTF-8"?>
<!-- Generated by org.testng.reporters.JUnitReportReporter -->
<testsuite hostname="sajjad-PC" name="alert.Action.frame.Wait.Dropdown.RadioBtn.Checkbox.Alert" tests="1" failures="0" timestamp="22 Mar 2019 15:43:33 GMT" time="20.142" errors="0">
  <testcase name="SimpleAlert" time="20.142" classname="alert.Action.frame.Wait.Dropdown.RadioBtn.Checkbox.Alert"/>
</testsuite> <!-- alert.Action.frame.Wait.Dropdown.RadioBtn.Checkbox.Alert -->
