<?xml version="1.0" encoding="UTF-8"?>
<!-- Generated by org.testng.reporters.JUnitReportReporter -->
<testsuite hostname="sajjad-PC" name="dynamic.webelement.ScrollByVisibleElement" tests="1" failures="0" timestamp="18 Dec 2018 21:40:34 GMT" time="36.453" errors="0">
  <testcase name="ByVisibleElement" time="36.453" classname="dynamic.webelement.ScrollByVisibleElement"/>
</testsuite> <!-- dynamic.webelement.ScrollByVisibleElement -->
