<?xml version="1.0" encoding="UTF-8"?>
<!-- Generated by org.testng.reporters.JUnitReportReporter -->
<testsuite hostname="sajjad-PC" name="com.dataprovider.DataProvider2" tests="2" failures="0" timestamp="2 Dec 2018 15:24:30 GMT" time="2.964" errors="0">
  <testcase name="login" time="1.317" classname="com.dataprovider.DataProvider2"/>
  <testcase name="login" time="1.647" classname="com.dataprovider.DataProvider2"/>
</testsuite> <!-- com.dataprovider.DataProvider2 -->
