<?xml version="1.0" encoding="UTF-8"?>
<!-- Generated by org.testng.reporters.JUnitReportReporter -->
<testsuite hostname="sajjad-PC" name="com.WebElement.cookieHandle" tests="1" failures="0" timestamp="24 Feb 2019 11:39:56 GMT" time="78.129" errors="0">
  <testcase name="test" time="78.129" classname="com.WebElement.cookieHandle"/>
</testsuite> <!-- com.WebElement.cookieHandle -->
