<?xml version="1.0" encoding="UTF-8"?>
<!-- Generated by org.testng.reporters.JUnitReportReporter -->
<testsuite hostname="sajjad-PC" name="dynamicWebElements.TestLogin" tests="1" failures="0" timestamp="17 Feb 2019 18:24:19 GMT" time="30.183" errors="0">
  <testcase name="TestRobo" time="30.183" classname="dynamicWebElements.TestLogin"/>
</testsuite> <!-- dynamicWebElements.TestLogin -->
