<?xml version="1.0" encoding="UTF-8"?>
<!-- Generated by org.testng.reporters.JUnitReportReporter -->
<testsuite hostname="sajjad-PC" name="dynamicWebElements.FileUpload" tests="1" failures="0" timestamp="17 Feb 2019 18:35:59 GMT" time="19.434" errors="0">
  <testcase name="Fileupload" time="19.434" classname="dynamicWebElements.FileUpload"/>
</testsuite> <!-- dynamicWebElements.FileUpload -->
