<?xml version="1.0" encoding="UTF-8"?>
<!-- Generated by org.testng.reporters.JUnitReportReporter -->
<testsuite hostname="sajjad-PC" name="com.WebElement.BootstrapDropDown" tests="2" failures="0" timestamp="8 Jan 2019 08:45:39 GMT" time="12.000" errors="0">
  <testcase name="setup" time="9.653" classname="com.WebElement.BootstrapDropDown"/>
  <testcase name="testBootStrap" time="2.347" classname="com.WebElement.BootstrapDropDown"/>
</testsuite> <!-- com.WebElement.BootstrapDropDown -->
