<?xml version="1.0" encoding="UTF-8"?>
<!-- Generated by org.testng.reporters.JUnitReportReporter -->
<testsuite hostname="sajjad-PC" name="a.JavascriptAlert.frame.Ajax.DragAndDrop" tests="1" failures="0" timestamp="2 Feb 2019 15:59:33 GMT" time="18.729" errors="0">
  <testcase name="DragnDrop" time="18.729" classname="a.JavascriptAlert.frame.Ajax.DragAndDrop"/>
</testsuite> <!-- a.JavascriptAlert.frame.Ajax.DragAndDrop -->
