<?xml version="1.0" encoding="UTF-8"?>
<!-- Generated by org.testng.reporters.JUnitReportReporter -->
<testsuite hostname="sajjad-PC" name="a.JavascriptAlert.frame.Ajax.PopupsHandling" tests="1" failures="0" timestamp="1 Feb 2019 19:37:55 GMT" time="0.758" errors="0">
  <testcase name="PopupAlert" time="0.758" classname="a.JavascriptAlert.frame.Ajax.PopupsHandling"/>
</testsuite> <!-- a.JavascriptAlert.frame.Ajax.PopupsHandling -->
