<?xml version="1.0" encoding="UTF-8"?>
<!-- Generated by org.testng.reporters.JUnitReportReporter -->
<testsuite hostname="sajjad-PC" name="array.Barcode" tests="1" failures="0" timestamp="21 Dec 2018 19:14:44 GMT" time="19.302" errors="0">
  <testcase name="barcode" time="19.302" classname="array.Barcode"/>
</testsuite> <!-- array.Barcode -->
