<?xml version="1.0" encoding="UTF-8"?>
<!-- Generated by org.testng.reporters.JUnitReportReporter -->
<testsuite hostname="sajjad-PC" name="dynamic.webelement.DynamicListselection" tests="1" failures="0" timestamp="18 Dec 2018 21:23:29 GMT" time="56.476" errors="0">
  <testcase name="captureScreenMethod" time="56.476" classname="dynamic.webelement.DynamicListselection"/>
</testsuite> <!-- dynamic.webelement.DynamicListselection -->
