<?xml version="1.0" encoding="UTF-8"?>
<!-- Generated by org.testng.reporters.JUnitReportReporter -->
<testsuite hostname="sajjad-PC" name="com.WebElement.BrowserStackTests" tests="1" failures="0" timestamp="24 Feb 2019 15:04:27 GMT" time="13.159" errors="0">
  <testcase name="openSTM" time="13.159" classname="com.WebElement.BrowserStackTests"/>
</testsuite> <!-- com.WebElement.BrowserStackTests -->
