<?xml version="1.0" encoding="UTF-8"?>
<!-- Generated by org.testng.reporters.JUnitReportReporter -->
<testsuite hostname="sajjad-PC" name="a.string.TestUtils" tests="6" failures="0" timestamp="23 Feb 2019 11:36:30 GMT" time="0.032" errors="0">
  <testcase name="test_add" time="0.024" classname="a.string.TestUtils"/>
  <testcase name="test_setName" time="0.002" classname="a.string.TestUtils"/>
  <testcase name="test_subtract" time="0.001" classname="a.string.TestUtils"/>
  <testcase name="test_add" time="0.002" classname="a.string.TestUtils"/>
  <testcase name="test_setName" time="0.002" classname="a.string.TestUtils"/>
  <testcase name="test_subtract" time="0.001" classname="a.string.TestUtils"/>
</testsuite> <!-- a.string.TestUtils -->
